<?xml version="1.0" encoding="UTF-8"?>
<!-- Generated by org.testng.reporters.JUnitReportReporter -->
<testsuite hostname="Laksh-Laptop" failures="0" tests="2" name="Academy.HomePage" time="5.848" errors="0" timestamp="2021-07-12T19:02:15 IST" skipped="0">
  <testcase classname="Academy.HomePage" name="HomePageLogin" time="1.772"/>
  <system-out/>
  <testcase classname="Academy.HomePage" name="HomePageLogin" time="4.076"/>
  <system-out/>
</testsuite> <!-- Academy.HomePage -->
