<?xml version="1.0" encoding="UTF-8"?>
<!-- Generated by org.testng.reporters.JUnitReportReporter -->
<testsuite hostname="Laksh-Laptop" failures="0" tests="1" name="Academy.ValidateNavigationBar" time="0.057" errors="0" timestamp="2021-07-12T19:02:15 IST" skipped="0">
  <testcase classname="Academy.ValidateNavigationBar" name="ValidateNavigation" time="0.057"/>
  <system-out/>
</testsuite> <!-- Academy.ValidateNavigationBar -->
